Started GET "/" for ::1 at 2017-02-01 10:53:16 -0800
  
ActiveRecord::PendingMigrationError (

Migrations are pending. To resolve this issue, run:

        bin/rails db:migrate RAILS_ENV=development

):
  
activerecord (5.0.1) lib/active_record/migration.rb:573:in `check_pending!'
activerecord (5.0.1) lib/active_record/migration.rb:549:in `call'
actionpack (5.0.1) lib/action_dispatch/middleware/callbacks.rb:38:in `block in call'
activesupport (5.0.1) lib/active_support/callbacks.rb:97:in `__run_callbacks__'
activesupport (5.0.1) lib/active_support/callbacks.rb:750:in `_run_call_callbacks'
activesupport (5.0.1) lib/active_support/callbacks.rb:90:in `run_callbacks'
actionpack (5.0.1) lib/action_dispatch/middleware/callbacks.rb:36:in `call'
actionpack (5.0.1) lib/action_dispatch/middleware/executor.rb:12:in `call'
actionpack (5.0.1) lib/action_dispatch/middleware/remote_ip.rb:79:in `call'
actionpack (5.0.1) lib/action_dispatch/middleware/debug_exceptions.rb:49:in `call'
web-console (3.4.0) lib/web_console/middleware.rb:135:in `call_app'
web-console (3.4.0) lib/web_console/middleware.rb:28:in `block in call'
web-console (3.4.0) lib/web_console/middleware.rb:18:in `catch'
web-console (3.4.0) lib/web_console/middleware.rb:18:in `call'
actionpack (5.0.1) lib/action_dispatch/middleware/show_exceptions.rb:31:in `call'
railties (5.0.1) lib/rails/rack/logger.rb:36:in `call_app'
railties (5.0.1) lib/rails/rack/logger.rb:24:in `block in call'
activesupport (5.0.1) lib/active_support/tagged_logging.rb:69:in `block in tagged'
activesupport (5.0.1) lib/active_support/tagged_logging.rb:26:in `tagged'
activesupport (5.0.1) lib/active_support/tagged_logging.rb:69:in `tagged'
railties (5.0.1) lib/rails/rack/logger.rb:24:in `call'
sprockets-rails (3.2.0) lib/sprockets/rails/quiet_assets.rb:13:in `call'
actionpack (5.0.1) lib/action_dispatch/middleware/request_id.rb:24:in `call'
rack (2.0.1) lib/rack/method_override.rb:22:in `call'
rack (2.0.1) lib/rack/runtime.rb:22:in `call'
activesupport (5.0.1) lib/active_support/cache/strategy/local_cache_middleware.rb:28:in `call'
actionpack (5.0.1) lib/action_dispatch/middleware/executor.rb:12:in `call'
actionpack (5.0.1) lib/action_dispatch/middleware/static.rb:136:in `call'
rack (2.0.1) lib/rack/sendfile.rb:111:in `call'
railties (5.0.1) lib/rails/engine.rb:522:in `call'
puma (3.6.2) lib/puma/configuration.rb:225:in `call'
puma (3.6.2) lib/puma/server.rb:578:in `handle_request'
puma (3.6.2) lib/puma/server.rb:415:in `process_client'
puma (3.6.2) lib/puma/server.rb:275:in `block in run'
puma (3.6.2) lib/puma/thread_pool.rb:116:in `block in spawn_thread'
  Rendering /Users/achan/.rbenv/versions/2.3.0/lib/ruby/gems/2.3.0/gems/actionpack-5.0.1/lib/action_dispatch/middleware/templates/rescues/diagnostics.html.erb within rescues/layout
  Rendering /Users/achan/.rbenv/versions/2.3.0/lib/ruby/gems/2.3.0/gems/actionpack-5.0.1/lib/action_dispatch/middleware/templates/rescues/_source.html.erb
  Rendered /Users/achan/.rbenv/versions/2.3.0/lib/ruby/gems/2.3.0/gems/actionpack-5.0.1/lib/action_dispatch/middleware/templates/rescues/_source.html.erb (3.2ms)
  Rendering /Users/achan/.rbenv/versions/2.3.0/lib/ruby/gems/2.3.0/gems/actionpack-5.0.1/lib/action_dispatch/middleware/templates/rescues/_trace.html.erb
  Rendered /Users/achan/.rbenv/versions/2.3.0/lib/ruby/gems/2.3.0/gems/actionpack-5.0.1/lib/action_dispatch/middleware/templates/rescues/_trace.html.erb (1.6ms)
  Rendering /Users/achan/.rbenv/versions/2.3.0/lib/ruby/gems/2.3.0/gems/actionpack-5.0.1/lib/action_dispatch/middleware/templates/rescues/_request_and_response.html.erb
  Rendered /Users/achan/.rbenv/versions/2.3.0/lib/ruby/gems/2.3.0/gems/actionpack-5.0.1/lib/action_dispatch/middleware/templates/rescues/_request_and_response.html.erb (1.5ms)
  Rendered /Users/achan/.rbenv/versions/2.3.0/lib/ruby/gems/2.3.0/gems/actionpack-5.0.1/lib/action_dispatch/middleware/templates/rescues/diagnostics.html.erb within rescues/layout (91.9ms)
  [1m[35m (1.8ms)[0m  [1m[35mCREATE TABLE "schema_migrations" ("version" varchar NOT NULL PRIMARY KEY)[0m
  [1m[35m (1.7ms)[0m  [1m[35mCREATE TABLE "ar_internal_metadata" ("key" varchar NOT NULL PRIMARY KEY, "value" varchar, "created_at" datetime NOT NULL, "updated_at" datetime NOT NULL)[0m
  [1m[36mActiveRecord::SchemaMigration Load (0.1ms)[0m  [1m[34mSELECT "schema_migrations".* FROM "schema_migrations"[0m
Migrating to CreateLinks (20170124232336)
  [1m[35m (0.1ms)[0m  [1m[36mbegin transaction[0m
  [1m[35m (0.4ms)[0m  [1m[35mCREATE TABLE "links" ("id" INTEGER PRIMARY KEY AUTOINCREMENT NOT NULL, "title" varchar, "url" varchar, "created_at" datetime NOT NULL, "updated_at" datetime NOT NULL)[0m
  [1m[35mSQL (0.2ms)[0m  [1m[32mINSERT INTO "schema_migrations" ("version") VALUES (?)[0m  [["version", "20170124232336"]]
  [1m[35m (1.8ms)[0m  [1m[36mcommit transaction[0m
Migrating to DeviseCreateUsers (20170124233927)
  [1m[35m (0.1ms)[0m  [1m[36mbegin transaction[0m
  [1m[35m (0.3ms)[0m  [1m[35mCREATE TABLE "users" ("id" INTEGER PRIMARY KEY AUTOINCREMENT NOT NULL, "email" varchar DEFAULT '' NOT NULL, "encrypted_password" varchar DEFAULT '' NOT NULL, "reset_password_token" varchar, "reset_password_sent_at" datetime, "remember_created_at" datetime, "sign_in_count" integer DEFAULT 0 NOT NULL, "current_sign_in_at" datetime, "last_sign_in_at" datetime, "current_sign_in_ip" varchar, "last_sign_in_ip" varchar, "created_at" datetime NOT NULL, "updated_at" datetime NOT NULL)[0m
  [1m[35m (1.3ms)[0m  [1m[34mselect sqlite_version(*)[0m
  [1m[35m (0.3ms)[0m  [1m[35mCREATE UNIQUE INDEX "index_users_on_email" ON "users" ("email")[0m
  [1m[35m (0.1ms)[0m  [1m[34m            SELECT sql
            FROM sqlite_master
            WHERE name='index_users_on_email' AND type='index'
            UNION ALL
            SELECT sql
            FROM sqlite_temp_master
            WHERE name='index_users_on_email' AND type='index'
[0m
  [1m[35m (0.4ms)[0m  [1m[35mCREATE UNIQUE INDEX "index_users_on_reset_password_token" ON "users" ("reset_password_token")[0m
  [1m[35mSQL (0.1ms)[0m  [1m[32mINSERT INTO "schema_migrations" ("version") VALUES (?)[0m  [["version", "20170124233927"]]
  [1m[35m (1.6ms)[0m  [1m[36mcommit transaction[0m
Migrating to AddUserIdToLinks (20170125003452)
  [1m[35m (0.1ms)[0m  [1m[36mbegin transaction[0m
  [1m[35m (0.3ms)[0m  [1m[35mALTER TABLE "links" ADD "user_id" integer[0m
  [1m[35m (0.1ms)[0m  [1m[35mCREATE  INDEX "index_links_on_user_id" ON "links" ("user_id")[0m
  [1m[35mSQL (0.1ms)[0m  [1m[32mINSERT INTO "schema_migrations" ("version") VALUES (?)[0m  [["version", "20170125003452"]]
  [1m[35m (1.5ms)[0m  [1m[36mcommit transaction[0m
Migrating to ActsAsVotableMigration (20170131011107)
  [1m[35m (0.1ms)[0m  [1m[36mbegin transaction[0m
DEPRECATION WARNING: Directly inheriting from ActiveRecord::Migration is deprecated. Please specify the Rails release the migration was written for:

  class ActsAsVotableMigration < ActiveRecord::Migration[4.2] (called from require at /Users/achan/Documents/Projects/rails_reddit/bin/rails:9)
  [1m[35m (0.3ms)[0m  [1m[35mCREATE TABLE "votes" ("id" INTEGER PRIMARY KEY AUTOINCREMENT NOT NULL, "votable_type" varchar, "votable_id" integer, "voter_type" varchar, "voter_id" integer, "vote_flag" boolean, "vote_scope" varchar, "vote_weight" integer, "created_at" datetime, "updated_at" datetime)[0m
  [1m[35m (0.1ms)[0m  [1m[35mCREATE  INDEX "index_votes_on_voter_id_and_voter_type_and_vote_scope" ON "votes" ("voter_id", "voter_type", "vote_scope")[0m
  [1m[35m (0.1ms)[0m  [1m[34m            SELECT sql
            FROM sqlite_master
            WHERE name='index_votes_on_voter_id_and_voter_type_and_vote_scope' AND type='index'
            UNION ALL
            SELECT sql
            FROM sqlite_temp_master
            WHERE name='index_votes_on_voter_id_and_voter_type_and_vote_scope' AND type='index'
[0m
  [1m[35m (0.1ms)[0m  [1m[35mCREATE  INDEX "index_votes_on_votable_id_and_votable_type_and_vote_scope" ON "votes" ("votable_id", "votable_type", "vote_scope")[0m
  [1m[35mSQL (0.1ms)[0m  [1m[32mINSERT INTO "schema_migrations" ("version") VALUES (?)[0m  [["version", "20170131011107"]]
  [1m[35m (1.5ms)[0m  [1m[36mcommit transaction[0m
Migrating to CreateComments (20170131195934)
  [1m[35m (0.2ms)[0m  [1m[36mbegin transaction[0m
  [1m[35m (0.4ms)[0m  [1m[35mCREATE TABLE "comments" ("id" INTEGER PRIMARY KEY AUTOINCREMENT NOT NULL, "link_id" integer, "body" text, "user_id" integer, "created_at" datetime NOT NULL, "updated_at" datetime NOT NULL)[0m
  [1m[35m (0.1ms)[0m  [1m[35mCREATE  INDEX "index_comments_on_user_id" ON "comments" ("user_id")[0m
  [1m[35m (0.0ms)[0m  [1m[34m            SELECT sql
            FROM sqlite_master
            WHERE name='index_comments_on_user_id' AND type='index'
            UNION ALL
            SELECT sql
            FROM sqlite_temp_master
            WHERE name='index_comments_on_user_id' AND type='index'
[0m
  [1m[35m (0.1ms)[0m  [1m[35mCREATE  INDEX "index_comments_on_link_id" ON "comments" ("link_id")[0m
  [1m[35mSQL (0.1ms)[0m  [1m[32mINSERT INTO "schema_migrations" ("version") VALUES (?)[0m  [["version", "20170131195934"]]
  [1m[35m (1.4ms)[0m  [1m[36mcommit transaction[0m
Migrating to AddNameToUsers (20170131233733)
  [1m[35m (0.1ms)[0m  [1m[36mbegin transaction[0m
  [1m[35m (0.5ms)[0m  [1m[35mALTER TABLE "users" ADD "name" varchar[0m
  [1m[35mSQL (0.1ms)[0m  [1m[32mINSERT INTO "schema_migrations" ("version") VALUES (?)[0m  [["version", "20170131233733"]]
  [1m[35m (1.5ms)[0m  [1m[36mcommit transaction[0m
  [1m[36mActiveRecord::InternalMetadata Load (0.3ms)[0m  [1m[34mSELECT  "ar_internal_metadata".* FROM "ar_internal_metadata" WHERE "ar_internal_metadata"."key" = ? LIMIT ?[0m  [["key", :environment], ["LIMIT", 1]]
  [1m[35m (0.1ms)[0m  [1m[36mbegin transaction[0m
  [1m[35mSQL (0.4ms)[0m  [1m[32mINSERT INTO "ar_internal_metadata" ("key", "value", "created_at", "updated_at") VALUES (?, ?, ?, ?)[0m  [["key", "environment"], ["value", "development"], ["created_at", 2017-02-01 18:54:21 UTC], ["updated_at", 2017-02-01 18:54:21 UTC]]
  [1m[35m (1.4ms)[0m  [1m[36mcommit transaction[0m
  [1m[36mActiveRecord::SchemaMigration Load (0.1ms)[0m  [1m[34mSELECT "schema_migrations".* FROM "schema_migrations"[0m
  [1m[35m (0.1ms)[0m  [1m[34m            SELECT sql
            FROM sqlite_master
            WHERE name='index_comments_on_link_id' AND type='index'
            UNION ALL
            SELECT sql
            FROM sqlite_temp_master
            WHERE name='index_comments_on_link_id' AND type='index'
[0m
  [1m[35m (0.1ms)[0m  [1m[34m            SELECT sql
            FROM sqlite_master
            WHERE name='index_comments_on_user_id' AND type='index'
            UNION ALL
            SELECT sql
            FROM sqlite_temp_master
            WHERE name='index_comments_on_user_id' AND type='index'
[0m
  [1m[35m (0.2ms)[0m  [1m[34m            SELECT sql
            FROM sqlite_master
            WHERE name='index_links_on_user_id' AND type='index'
            UNION ALL
            SELECT sql
            FROM sqlite_temp_master
            WHERE name='index_links_on_user_id' AND type='index'
[0m
  [1m[35m (0.1ms)[0m  [1m[34m            SELECT sql
            FROM sqlite_master
            WHERE name='index_users_on_reset_password_token' AND type='index'
            UNION ALL
            SELECT sql
            FROM sqlite_temp_master
            WHERE name='index_users_on_reset_password_token' AND type='index'
[0m
  [1m[35m (0.1ms)[0m  [1m[34m            SELECT sql
            FROM sqlite_master
            WHERE name='index_users_on_email' AND type='index'
            UNION ALL
            SELECT sql
            FROM sqlite_temp_master
            WHERE name='index_users_on_email' AND type='index'
[0m
  [1m[35m (0.1ms)[0m  [1m[34m            SELECT sql
            FROM sqlite_master
            WHERE name='index_votes_on_votable_id_and_votable_type_and_vote_scope' AND type='index'
            UNION ALL
            SELECT sql
            FROM sqlite_temp_master
            WHERE name='index_votes_on_votable_id_and_votable_type_and_vote_scope' AND type='index'
[0m
  [1m[35m (0.1ms)[0m  [1m[34m            SELECT sql
            FROM sqlite_master
            WHERE name='index_votes_on_voter_id_and_voter_type_and_vote_scope' AND type='index'
            UNION ALL
            SELECT sql
            FROM sqlite_temp_master
            WHERE name='index_votes_on_voter_id_and_voter_type_and_vote_scope' AND type='index'
[0m
Started GET "/" for ::1 at 2017-02-01 10:54:44 -0800
  [1m[36mActiveRecord::SchemaMigration Load (0.1ms)[0m  [1m[34mSELECT "schema_migrations".* FROM "schema_migrations"[0m
DEPRECATION WARNING: before_filter is deprecated and will be removed in Rails 5.1. Use before_action instead. (called from <class:LinksController> at /Users/achan/Documents/Projects/rails_reddit/app/controllers/links_controller.rb:3)
Processing by LinksController#index as HTML
  Rendering links/index.html.erb within layouts/application
  [1m[36mLink Load (0.3ms)[0m  [1m[34mSELECT "links".* FROM "links"[0m
  Rendered links/index.html.erb within layouts/application (3.3ms)
  [1m[36mUser Load (0.2ms)[0m  [1m[34mSELECT  "users".* FROM "users" WHERE "users"."id" = ? ORDER BY "users"."id" ASC LIMIT ?[0m  [["id", 1], ["LIMIT", 1]]
Completed 200 OK in 4518ms (Views: 4488.9ms | ActiveRecord: 1.4ms)


Started GET "/" for ::1 at 2017-02-01 10:55:02 -0800
Processing by LinksController#index as HTML
  Rendering links/index.html.erb within layouts/application
  [1m[36mLink Load (0.2ms)[0m  [1m[34mSELECT "links".* FROM "links"[0m
  Rendered links/index.html.erb within layouts/application (2.2ms)
Completed 200 OK in 62ms (Views: 59.2ms | ActiveRecord: 0.2ms)


Started GET "/users/sign_in" for ::1 at 2017-02-01 10:55:05 -0800
Processing by Devise::SessionsController#new as HTML
  Rendering devise/sessions/new.html.erb within layouts/application
  Rendered devise/shared/_links.html.erb (1.6ms)
  Rendered devise/sessions/new.html.erb within layouts/application (53.3ms)
Completed 200 OK in 121ms (Views: 104.1ms | ActiveRecord: 0.0ms)


Started GET "/users/sign_up" for ::1 at 2017-02-01 10:55:06 -0800
Processing by Devise::RegistrationsController#new as HTML
  Rendering devise/registrations/new.html.erb within layouts/application
  Rendered devise/shared/_links.html.erb (1.4ms)
  Rendered devise/registrations/new.html.erb within layouts/application (4.9ms)
Completed 200 OK in 80ms (Views: 78.4ms | ActiveRecord: 0.0ms)


Started GET "/" for ::1 at 2017-02-01 10:55:07 -0800
Processing by LinksController#index as HTML
  Rendering links/index.html.erb within layouts/application
  [1m[36mLink Load (0.2ms)[0m  [1m[34mSELECT "links".* FROM "links"[0m
  Rendered links/index.html.erb within layouts/application (3.2ms)
Completed 200 OK in 78ms (Views: 73.8ms | ActiveRecord: 0.2ms)


Started GET "/users/sign_up" for ::1 at 2017-02-01 10:55:09 -0800
Processing by Devise::RegistrationsController#new as HTML
  Rendering devise/registrations/new.html.erb within layouts/application
  Rendered devise/shared/_links.html.erb (2.8ms)
  Rendered devise/registrations/new.html.erb within layouts/application (12.2ms)
Completed 200 OK in 89ms (Views: 86.2ms | ActiveRecord: 0.0ms)


Started GET "/users/sign_in" for ::1 at 2017-02-01 10:55:10 -0800
Processing by Devise::SessionsController#new as HTML
  Rendering devise/sessions/new.html.erb within layouts/application
  Rendered devise/shared/_links.html.erb (2.2ms)
  Rendered devise/sessions/new.html.erb within layouts/application (10.0ms)
Completed 200 OK in 89ms (Views: 85.7ms | ActiveRecord: 0.0ms)


Started GET "/users/sign_up" for ::1 at 2017-02-01 10:55:11 -0800
Processing by Devise::RegistrationsController#new as HTML
  Rendering devise/registrations/new.html.erb within layouts/application
  Rendered devise/shared/_links.html.erb (4.5ms)
  Rendered devise/registrations/new.html.erb within layouts/application (14.0ms)
Completed 200 OK in 97ms (Views: 95.1ms | ActiveRecord: 0.0ms)


Started GET "/users/sign_in" for ::1 at 2017-02-01 10:55:17 -0800
Processing by Devise::SessionsController#new as HTML
  Rendering devise/sessions/new.html.erb within layouts/application
  Rendered devise/shared/_links.html.erb (1.1ms)
  Rendered devise/sessions/new.html.erb within layouts/application (7.6ms)
Completed 200 OK in 82ms (Views: 78.5ms | ActiveRecord: 0.0ms)


Started GET "/users/sign_up" for ::1 at 2017-02-01 10:55:20 -0800
Processing by Devise::RegistrationsController#new as HTML
  Rendering devise/registrations/new.html.erb within layouts/application
  Rendered devise/shared/_links.html.erb (3.6ms)
  Rendered devise/registrations/new.html.erb within layouts/application (11.4ms)
Completed 200 OK in 141ms (Views: 138.0ms | ActiveRecord: 0.0ms)


Started GET "/users/sign_in" for ::1 at 2017-02-01 10:55:25 -0800
Processing by Devise::SessionsController#new as HTML
  Rendering devise/sessions/new.html.erb within layouts/application
  Rendered devise/shared/_links.html.erb (1.3ms)
  Rendered devise/sessions/new.html.erb within layouts/application (9.0ms)
Completed 200 OK in 80ms (Views: 77.4ms | ActiveRecord: 0.0ms)


Started POST "/users/sign_in" for ::1 at 2017-02-01 10:55:32 -0800
Processing by Devise::SessionsController#create as HTML
  Parameters: {"utf8"=>"✓", "authenticity_token"=>"8tTjfBfPqiyGF3Nk9YpzDOIfiFgWU1ZCR0sK4sJdTYNJt75xG8z3GKQ1PlMLqhBK5gCymFRs68HFbUvYxkkTNw==", "user"=>{"email"=>"achan@playboy.com", "password"=>"[FILTERED]", "remember_me"=>"0"}, "commit"=>"Log in"}
  [1m[36mUser Load (0.2ms)[0m  [1m[34mSELECT  "users".* FROM "users" WHERE "users"."email" = ? ORDER BY "users"."id" ASC LIMIT ?[0m  [["email", "achan@playboy.com"], ["LIMIT", 1]]
Completed 401 Unauthorized in 5ms (ActiveRecord: 0.2ms)


Processing by Devise::SessionsController#new as HTML
  Parameters: {"utf8"=>"✓", "authenticity_token"=>"8tTjfBfPqiyGF3Nk9YpzDOIfiFgWU1ZCR0sK4sJdTYNJt75xG8z3GKQ1PlMLqhBK5gCymFRs68HFbUvYxkkTNw==", "user"=>{"email"=>"achan@playboy.com", "password"=>"[FILTERED]", "remember_me"=>"0"}, "commit"=>"Log in"}
  Rendering devise/sessions/new.html.erb within layouts/application
  Rendered devise/shared/_links.html.erb (0.8ms)
  Rendered devise/sessions/new.html.erb within layouts/application (3.7ms)
Completed 200 OK in 193ms (Views: 42.5ms | ActiveRecord: 0.0ms)


Started GET "/users/sign_up" for ::1 at 2017-02-01 10:55:34 -0800
Processing by Devise::RegistrationsController#new as HTML
  Rendering devise/registrations/new.html.erb within layouts/application
  Rendered devise/shared/_links.html.erb (1.6ms)
  Rendered devise/registrations/new.html.erb within layouts/application (8.5ms)
Completed 200 OK in 59ms (Views: 57.5ms | ActiveRecord: 0.0ms)


Started POST "/users" for ::1 at 2017-02-01 10:55:50 -0800
Processing by Devise::RegistrationsController#create as HTML
  Parameters: {"utf8"=>"✓", "authenticity_token"=>"Det5SsUFpeH3ngTL3uLqpPRFffmC/1Kt9vOygLRbJ23i43ZWcU9LN+ygsiYiyJ+y0GKRhfKhpgDuRsFe1RRsnA==", "user"=>{"name"=>"Albert Chan", "email"=>"achan@playboy.com", "password"=>"[FILTERED]", "password_confirmation"=>"[FILTERED]"}, "commit"=>"Sign up"}
  [1m[35m (0.1ms)[0m  [1m[36mbegin transaction[0m
  [1m[36mUser Exists (0.1ms)[0m  [1m[34mSELECT  1 AS one FROM "users" WHERE "users"."email" = ? LIMIT ?[0m  [["email", "achan@playboy.com"], ["LIMIT", 1]]
  [1m[35mSQL (0.3ms)[0m  [1m[32mINSERT INTO "users" ("email", "encrypted_password", "created_at", "updated_at", "name") VALUES (?, ?, ?, ?, ?)[0m  [["email", "achan@playboy.com"], ["encrypted_password", "$2a$11$6ktgXSGlK7tH8hMvE2URsejprATyfAbrm0lzyoQ3Jy75VuAemRVhW"], ["created_at", 2017-02-01 18:55:50 UTC], ["updated_at", 2017-02-01 18:55:50 UTC], ["name", "Albert Chan"]]
  [1m[35m (1.3ms)[0m  [1m[36mcommit transaction[0m
  [1m[35m (0.1ms)[0m  [1m[36mbegin transaction[0m
  [1m[35mSQL (0.3ms)[0m  [1m[33mUPDATE "users" SET "sign_in_count" = ?, "current_sign_in_at" = ?, "last_sign_in_at" = ?, "current_sign_in_ip" = ?, "last_sign_in_ip" = ?, "updated_at" = ? WHERE "users"."id" = ?[0m  [["sign_in_count", 1], ["current_sign_in_at", 2017-02-01 18:55:50 UTC], ["last_sign_in_at", 2017-02-01 18:55:50 UTC], ["current_sign_in_ip", "::1"], ["last_sign_in_ip", "::1"], ["updated_at", 2017-02-01 18:55:50 UTC], ["id", 1]]
  [1m[35m (1.4ms)[0m  [1m[36mcommit transaction[0m
Redirected to http://localhost:3000/
Completed 302 Found in 168ms (ActiveRecord: 3.5ms)


Started GET "/" for ::1 at 2017-02-01 10:55:50 -0800
Processing by LinksController#index as HTML
  Rendering links/index.html.erb within layouts/application
  [1m[36mLink Load (0.2ms)[0m  [1m[34mSELECT "links".* FROM "links"[0m
  Rendered links/index.html.erb within layouts/application (1.2ms)
  [1m[36mUser Load (0.2ms)[0m  [1m[34mSELECT  "users".* FROM "users" WHERE "users"."id" = ? ORDER BY "users"."id" ASC LIMIT ?[0m  [["id", 1], ["LIMIT", 1]]
Completed 200 OK in 44ms (Views: 42.2ms | ActiveRecord: 0.3ms)


Started GET "/links/new" for ::1 at 2017-02-01 10:55:54 -0800
Processing by LinksController#new as HTML
  [1m[36mUser Load (0.2ms)[0m  [1m[34mSELECT  "users".* FROM "users" WHERE "users"."id" = ? ORDER BY "users"."id" ASC LIMIT ?[0m  [["id", 1], ["LIMIT", 1]]
  Rendering links/new.html.erb within layouts/application
  Rendered links/_form.html.erb (2.2ms)
  Rendered links/new.html.erb within layouts/application (5.0ms)
Completed 200 OK in 77ms (Views: 45.3ms | ActiveRecord: 0.4ms)


Started POST "/links" for ::1 at 2017-02-01 10:56:08 -0800
Processing by LinksController#create as HTML
  Parameters: {"utf8"=>"✓", "authenticity_token"=>"4SQW3DFYEtpOhE+dp6qWSbt+mk2lJnQoF/5xfbnXtkva1NA332XEQQlj9t60HQqLkYDJ5P0vq85U0iOKHAtmGQ==", "link"=>{"title"=>"Google", "url"=>"http://www.google.com"}, "commit"=>"Submit"}
  [1m[36mUser Load (0.4ms)[0m  [1m[34mSELECT  "users".* FROM "users" WHERE "users"."id" = ? ORDER BY "users"."id" ASC LIMIT ?[0m  [["id", 1], ["LIMIT", 1]]
  [1m[35m (0.1ms)[0m  [1m[36mbegin transaction[0m
  [1m[35mSQL (0.3ms)[0m  [1m[32mINSERT INTO "links" ("title", "url", "created_at", "updated_at", "user_id") VALUES (?, ?, ?, ?, ?)[0m  [["title", "Google"], ["url", "http://www.google.com"], ["created_at", 2017-02-01 18:56:08 UTC], ["updated_at", 2017-02-01 18:56:08 UTC], ["user_id", 1]]
  [1m[35m (1.4ms)[0m  [1m[36mcommit transaction[0m
Redirected to http://localhost:3000/links/1
Completed 302 Found in 11ms (ActiveRecord: 2.2ms)


Started GET "/links/1" for ::1 at 2017-02-01 10:56:08 -0800
Processing by LinksController#show as HTML
  Parameters: {"id"=>"1"}
  [1m[36mLink Load (0.3ms)[0m  [1m[34mSELECT  "links".* FROM "links" WHERE "links"."id" = ? LIMIT ?[0m  [["id", 1], ["LIMIT", 1]]
  Rendering links/show.html.erb within layouts/application
  [1m[36mUser Load (0.2ms)[0m  [1m[34mSELECT  "users".* FROM "users" WHERE "users"."id" = ? LIMIT ?[0m  [["id", 1], ["LIMIT", 1]]
  [1m[36mUser Load (0.2ms)[0m  [1m[34mSELECT  "users".* FROM "users" WHERE "users"."id" = ? ORDER BY "users"."id" ASC LIMIT ?[0m  [["id", 1], ["LIMIT", 1]]
  [1m[35m (0.2ms)[0m  [1m[34mSELECT COUNT(*) FROM "votes" WHERE "votes"."votable_id" = ? AND "votes"."votable_type" = ? AND "votes"."vote_flag" = ? AND "votes"."vote_scope" IS NULL[0m  [["votable_id", 1], ["votable_type", "Link"], ["vote_flag", true]]
  [1m[35m (0.1ms)[0m  [1m[34mSELECT COUNT(*) FROM "votes" WHERE "votes"."votable_id" = ? AND "votes"."votable_type" = ? AND "votes"."vote_flag" = ? AND "votes"."vote_scope" IS NULL[0m  [["votable_id", 1], ["votable_type", "Link"], ["vote_flag", false]]
  [1m[35m (0.3ms)[0m  [1m[34mSELECT COUNT(*) FROM "comments" WHERE "comments"."link_id" = ?[0m  [["link_id", 1]]
  [1m[36mComment Load (0.1ms)[0m  [1m[34mSELECT "comments".* FROM "comments" WHERE "comments"."link_id" = ?[0m  [["link_id", 1]]
  Rendered collection of templates [0 times] (0.0ms)
  Rendered links/show.html.erb within layouts/application (123.0ms)
Completed 200 OK in 179ms (Views: 170.6ms | ActiveRecord: 2.1ms)


Started GET "/" for ::1 at 2017-02-01 10:56:13 -0800
Processing by LinksController#index as HTML
  Rendering links/index.html.erb within layouts/application
  [1m[36mLink Load (0.4ms)[0m  [1m[34mSELECT "links".* FROM "links"[0m
  [1m[36mUser Load (0.1ms)[0m  [1m[34mSELECT  "users".* FROM "users" WHERE "users"."id" = ? LIMIT ?[0m  [["id", 1], ["LIMIT", 1]]
  [1m[35m (0.1ms)[0m  [1m[34mSELECT COUNT(*) FROM "votes" WHERE "votes"."votable_id" = ? AND "votes"."votable_type" = ? AND "votes"."vote_flag" = ? AND "votes"."vote_scope" IS NULL[0m  [["votable_id", 1], ["votable_type", "Link"], ["vote_flag", true]]
  [1m[35m (0.1ms)[0m  [1m[34mSELECT COUNT(*) FROM "votes" WHERE "votes"."votable_id" = ? AND "votes"."votable_type" = ? AND "votes"."vote_flag" = ? AND "votes"."vote_scope" IS NULL[0m  [["votable_id", 1], ["votable_type", "Link"], ["vote_flag", false]]
  Rendered links/index.html.erb within layouts/application (9.0ms)
  [1m[36mUser Load (0.4ms)[0m  [1m[34mSELECT  "users".* FROM "users" WHERE "users"."id" = ? ORDER BY "users"."id" ASC LIMIT ?[0m  [["id", 1], ["LIMIT", 1]]
Completed 200 OK in 69ms (Views: 64.3ms | ActiveRecord: 1.1ms)


Started GET "/links/new" for ::1 at 2017-02-01 10:58:09 -0800
Processing by LinksController#new as HTML
  [1m[36mUser Load (0.2ms)[0m  [1m[34mSELECT  "users".* FROM "users" WHERE "users"."id" = ? ORDER BY "users"."id" ASC LIMIT ?[0m  [["id", 1], ["LIMIT", 1]]
  Rendering links/new.html.erb within layouts/application
  Rendered links/_form.html.erb (2.9ms)
  Rendered links/new.html.erb within layouts/application (6.2ms)
Completed 200 OK in 72ms (Views: 66.0ms | ActiveRecord: 0.2ms)


Started POST "/links" for ::1 at 2017-02-01 10:58:16 -0800
Processing by LinksController#create as HTML
  Parameters: {"utf8"=>"✓", "authenticity_token"=>"HJQjIuoXouWKu/yj3z9oJWw6WBqW5h3b5UI7PFCBTZUnZOXJBCp0fs1cReDMiPTnRsQLs87vwj2mbmnL9V2dxw==", "link"=>{"title"=>"Playboy", "url"=>"http://www.playboy.com"}, "commit"=>"Submit"}
  [1m[36mUser Load (0.2ms)[0m  [1m[34mSELECT  "users".* FROM "users" WHERE "users"."id" = ? ORDER BY "users"."id" ASC LIMIT ?[0m  [["id", 1], ["LIMIT", 1]]
  [1m[35m (0.1ms)[0m  [1m[36mbegin transaction[0m
  [1m[35mSQL (0.4ms)[0m  [1m[32mINSERT INTO "links" ("title", "url", "created_at", "updated_at", "user_id") VALUES (?, ?, ?, ?, ?)[0m  [["title", "Playboy"], ["url", "http://www.playboy.com"], ["created_at", 2017-02-01 18:58:16 UTC], ["updated_at", 2017-02-01 18:58:16 UTC], ["user_id", 1]]
  [1m[35m (2.5ms)[0m  [1m[36mcommit transaction[0m
Redirected to http://localhost:3000/links/2
Completed 302 Found in 11ms (ActiveRecord: 3.0ms)


Started GET "/links/2" for ::1 at 2017-02-01 10:58:16 -0800
Processing by LinksController#show as HTML
  Parameters: {"id"=>"2"}
  [1m[36mLink Load (0.1ms)[0m  [1m[34mSELECT  "links".* FROM "links" WHERE "links"."id" = ? LIMIT ?[0m  [["id", 2], ["LIMIT", 1]]
  Rendering links/show.html.erb within layouts/application
  [1m[36mUser Load (0.1ms)[0m  [1m[34mSELECT  "users".* FROM "users" WHERE "users"."id" = ? LIMIT ?[0m  [["id", 1], ["LIMIT", 1]]
  [1m[36mUser Load (0.3ms)[0m  [1m[34mSELECT  "users".* FROM "users" WHERE "users"."id" = ? ORDER BY "users"."id" ASC LIMIT ?[0m  [["id", 1], ["LIMIT", 1]]
  [1m[35m (0.1ms)[0m  [1m[34mSELECT COUNT(*) FROM "votes" WHERE "votes"."votable_id" = ? AND "votes"."votable_type" = ? AND "votes"."vote_flag" = ? AND "votes"."vote_scope" IS NULL[0m  [["votable_id", 2], ["votable_type", "Link"], ["vote_flag", true]]
  [1m[35m (0.1ms)[0m  [1m[34mSELECT COUNT(*) FROM "votes" WHERE "votes"."votable_id" = ? AND "votes"."votable_type" = ? AND "votes"."vote_flag" = ? AND "votes"."vote_scope" IS NULL[0m  [["votable_id", 2], ["votable_type", "Link"], ["vote_flag", false]]
  [1m[35m (0.1ms)[0m  [1m[34mSELECT COUNT(*) FROM "comments" WHERE "comments"."link_id" = ?[0m  [["link_id", 2]]
  [1m[36mComment Load (0.2ms)[0m  [1m[34mSELECT "comments".* FROM "comments" WHERE "comments"."link_id" = ?[0m  [["link_id", 2]]
  Rendered collection of templates [0 times] (0.0ms)
  Rendered links/show.html.erb within layouts/application (11.8ms)
Completed 200 OK in 59ms (Views: 54.7ms | ActiveRecord: 1.1ms)


Started GET "/links/new" for ::1 at 2017-02-01 10:58:18 -0800
Processing by LinksController#new as HTML
  [1m[36mUser Load (0.4ms)[0m  [1m[34mSELECT  "users".* FROM "users" WHERE "users"."id" = ? ORDER BY "users"."id" ASC LIMIT ?[0m  [["id", 1], ["LIMIT", 1]]
  Rendering links/new.html.erb within layouts/application
  Rendered links/_form.html.erb (1.8ms)
  Rendered links/new.html.erb within layouts/application (4.0ms)
Completed 200 OK in 69ms (Views: 61.8ms | ActiveRecord: 0.4ms)


Started POST "/links" for ::1 at 2017-02-01 10:58:27 -0800
Processing by LinksController#create as HTML
  Parameters: {"utf8"=>"✓", "authenticity_token"=>"zEuGyS0JLug3Td2rjFuFGPqcKRYhERtyM6WDNF67US/3u0AiwzT4c3CqZOif7Bna0GJ6v3kYxJRwidHD+2eBfQ==", "link"=>{"title"=>"Yahoo", "url"=>"http://www.yahoo.com"}, "commit"=>"Submit"}
  [1m[36mUser Load (0.2ms)[0m  [1m[34mSELECT  "users".* FROM "users" WHERE "users"."id" = ? ORDER BY "users"."id" ASC LIMIT ?[0m  [["id", 1], ["LIMIT", 1]]
  [1m[35m (0.1ms)[0m  [1m[36mbegin transaction[0m
  [1m[35mSQL (0.4ms)[0m  [1m[32mINSERT INTO "links" ("title", "url", "created_at", "updated_at", "user_id") VALUES (?, ?, ?, ?, ?)[0m  [["title", "Yahoo"], ["url", "http://www.yahoo.com"], ["created_at", 2017-02-01 18:58:27 UTC], ["updated_at", 2017-02-01 18:58:27 UTC], ["user_id", 1]]
  [1m[35m (1.8ms)[0m  [1m[36mcommit transaction[0m
Redirected to http://localhost:3000/links/3
Completed 302 Found in 8ms (ActiveRecord: 2.4ms)


Started GET "/links/3" for ::1 at 2017-02-01 10:58:27 -0800
Processing by LinksController#show as HTML
  Parameters: {"id"=>"3"}
  [1m[36mLink Load (0.1ms)[0m  [1m[34mSELECT  "links".* FROM "links" WHERE "links"."id" = ? LIMIT ?[0m  [["id", 3], ["LIMIT", 1]]
  Rendering links/show.html.erb within layouts/application
  [1m[36mUser Load (0.1ms)[0m  [1m[34mSELECT  "users".* FROM "users" WHERE "users"."id" = ? LIMIT ?[0m  [["id", 1], ["LIMIT", 1]]
  [1m[36mUser Load (0.3ms)[0m  [1m[34mSELECT  "users".* FROM "users" WHERE "users"."id" = ? ORDER BY "users"."id" ASC LIMIT ?[0m  [["id", 1], ["LIMIT", 1]]
  [1m[35m (0.1ms)[0m  [1m[34mSELECT COUNT(*) FROM "votes" WHERE "votes"."votable_id" = ? AND "votes"."votable_type" = ? AND "votes"."vote_flag" = ? AND "votes"."vote_scope" IS NULL[0m  [["votable_id", 3], ["votable_type", "Link"], ["vote_flag", true]]
  [1m[35m (0.1ms)[0m  [1m[34mSELECT COUNT(*) FROM "votes" WHERE "votes"."votable_id" = ? AND "votes"."votable_type" = ? AND "votes"."vote_flag" = ? AND "votes"."vote_scope" IS NULL[0m  [["votable_id", 3], ["votable_type", "Link"], ["vote_flag", false]]
  [1m[35m (0.1ms)[0m  [1m[34mSELECT COUNT(*) FROM "comments" WHERE "comments"."link_id" = ?[0m  [["link_id", 3]]
  [1m[36mComment Load (0.1ms)[0m  [1m[34mSELECT "comments".* FROM "comments" WHERE "comments"."link_id" = ?[0m  [["link_id", 3]]
  Rendered collection of templates [0 times] (0.0ms)
  Rendered links/show.html.erb within layouts/application (11.1ms)
Completed 200 OK in 65ms (Views: 61.7ms | ActiveRecord: 0.9ms)


Started GET "/links/new" for ::1 at 2017-02-01 10:58:29 -0800
Processing by LinksController#new as HTML
  [1m[36mUser Load (0.3ms)[0m  [1m[34mSELECT  "users".* FROM "users" WHERE "users"."id" = ? ORDER BY "users"."id" ASC LIMIT ?[0m  [["id", 1], ["LIMIT", 1]]
  Rendering links/new.html.erb within layouts/application
  Rendered links/_form.html.erb (2.4ms)
  Rendered links/new.html.erb within layouts/application (4.2ms)
Completed 200 OK in 63ms (Views: 56.0ms | ActiveRecord: 0.3ms)


Started POST "/links" for ::1 at 2017-02-01 10:58:36 -0800
Processing by LinksController#create as HTML
  Parameters: {"utf8"=>"✓", "authenticity_token"=>"96gizLwuQFoYhieX4fLQhWjh4Ev7lG9j5nA6BfJ9+ZDMWOQnUhOWwV9hntTyRUxHQh+z4qOdsIWlXGjyV6Epwg==", "link"=>{"title"=>"Reddit", "url"=>"http://www.reddit.com"}, "commit"=>"Submit"}
  [1m[36mUser Load (0.2ms)[0m  [1m[34mSELECT  "users".* FROM "users" WHERE "users"."id" = ? ORDER BY "users"."id" ASC LIMIT ?[0m  [["id", 1], ["LIMIT", 1]]
  [1m[35m (0.1ms)[0m  [1m[36mbegin transaction[0m
  [1m[35mSQL (0.3ms)[0m  [1m[32mINSERT INTO "links" ("title", "url", "created_at", "updated_at", "user_id") VALUES (?, ?, ?, ?, ?)[0m  [["title", "Reddit"], ["url", "http://www.reddit.com"], ["created_at", 2017-02-01 18:58:36 UTC], ["updated_at", 2017-02-01 18:58:36 UTC], ["user_id", 1]]
  [1m[35m (1.5ms)[0m  [1m[36mcommit transaction[0m
Redirected to http://localhost:3000/links/4
Completed 302 Found in 7ms (ActiveRecord: 2.0ms)


Started GET "/links/4" for ::1 at 2017-02-01 10:58:36 -0800
Processing by LinksController#show as HTML
  Parameters: {"id"=>"4"}
  [1m[36mLink Load (0.1ms)[0m  [1m[34mSELECT  "links".* FROM "links" WHERE "links"."id" = ? LIMIT ?[0m  [["id", 4], ["LIMIT", 1]]
  Rendering links/show.html.erb within layouts/application
  [1m[36mUser Load (0.1ms)[0m  [1m[34mSELECT  "users".* FROM "users" WHERE "users"."id" = ? LIMIT ?[0m  [["id", 1], ["LIMIT", 1]]
  [1m[36mUser Load (0.2ms)[0m  [1m[34mSELECT  "users".* FROM "users" WHERE "users"."id" = ? ORDER BY "users"."id" ASC LIMIT ?[0m  [["id", 1], ["LIMIT", 1]]
  [1m[35m (0.1ms)[0m  [1m[34mSELECT COUNT(*) FROM "votes" WHERE "votes"."votable_id" = ? AND "votes"."votable_type" = ? AND "votes"."vote_flag" = ? AND "votes"."vote_scope" IS NULL[0m  [["votable_id", 4], ["votable_type", "Link"], ["vote_flag", true]]
  [1m[35m (0.1ms)[0m  [1m[34mSELECT COUNT(*) FROM "votes" WHERE "votes"."votable_id" = ? AND "votes"."votable_type" = ? AND "votes"."vote_flag" = ? AND "votes"."vote_scope" IS NULL[0m  [["votable_id", 4], ["votable_type", "Link"], ["vote_flag", false]]
  [1m[35m (0.1ms)[0m  [1m[34mSELECT COUNT(*) FROM "comments" WHERE "comments"."link_id" = ?[0m  [["link_id", 4]]
  [1m[36mComment Load (0.1ms)[0m  [1m[34mSELECT "comments".* FROM "comments" WHERE "comments"."link_id" = ?[0m  [["link_id", 4]]
  Rendered collection of templates [0 times] (0.0ms)
  Rendered links/show.html.erb within layouts/application (11.9ms)
Completed 200 OK in 63ms (Views: 59.5ms | ActiveRecord: 1.0ms)


Started GET "/" for ::1 at 2017-02-01 10:58:38 -0800
Processing by LinksController#index as HTML
  Rendering links/index.html.erb within layouts/application
  [1m[36mLink Load (0.2ms)[0m  [1m[34mSELECT "links".* FROM "links"[0m
  [1m[36mUser Load (0.1ms)[0m  [1m[34mSELECT  "users".* FROM "users" WHERE "users"."id" = ? LIMIT ?[0m  [["id", 1], ["LIMIT", 1]]
  [1m[35m (0.2ms)[0m  [1m[34mSELECT COUNT(*) FROM "votes" WHERE "votes"."votable_id" = ? AND "votes"."votable_type" = ? AND "votes"."vote_flag" = ? AND "votes"."vote_scope" IS NULL[0m  [["votable_id", 1], ["votable_type", "Link"], ["vote_flag", true]]
  [1m[35m (0.1ms)[0m  [1m[34mSELECT COUNT(*) FROM "votes" WHERE "votes"."votable_id" = ? AND "votes"."votable_type" = ? AND "votes"."vote_flag" = ? AND "votes"."vote_scope" IS NULL[0m  [["votable_id", 1], ["votable_type", "Link"], ["vote_flag", false]]
  [1m[36mCACHE (0.0ms)[0m  [1m[34mSELECT  "users".* FROM "users" WHERE "users"."id" = ? LIMIT ?[0m  [["id", 1], ["LIMIT", 1]]
  [1m[35m (0.2ms)[0m  [1m[34mSELECT COUNT(*) FROM "votes" WHERE "votes"."votable_id" = ? AND "votes"."votable_type" = ? AND "votes"."vote_flag" = ? AND "votes"."vote_scope" IS NULL[0m  [["votable_id", 2], ["votable_type", "Link"], ["vote_flag", true]]
  [1m[35m (0.1ms)[0m  [1m[34mSELECT COUNT(*) FROM "votes" WHERE "votes"."votable_id" = ? AND "votes"."votable_type" = ? AND "votes"."vote_flag" = ? AND "votes"."vote_scope" IS NULL[0m  [["votable_id", 2], ["votable_type", "Link"], ["vote_flag", false]]
  [1m[36mCACHE (0.0ms)[0m  [1m[34mSELECT  "users".* FROM "users" WHERE "users"."id" = ? LIMIT ?[0m  [["id", 1], ["LIMIT", 1]]
  [1m[35m (0.2ms)[0m  [1m[34mSELECT COUNT(*) FROM "votes" WHERE "votes"."votable_id" = ? AND "votes"."votable_type" = ? AND "votes"."vote_flag" = ? AND "votes"."vote_scope" IS NULL[0m  [["votable_id", 3], ["votable_type", "Link"], ["vote_flag", true]]
  [1m[35m (0.2ms)[0m  [1m[34mSELECT COUNT(*) FROM "votes" WHERE "votes"."votable_id" = ? AND "votes"."votable_type" = ? AND "votes"."vote_flag" = ? AND "votes"."vote_scope" IS NULL[0m  [["votable_id", 3], ["votable_type", "Link"], ["vote_flag", false]]
  [1m[36mCACHE (0.0ms)[0m  [1m[34mSELECT  "users".* FROM "users" WHERE "users"."id" = ? LIMIT ?[0m  [["id", 1], ["LIMIT", 1]]
  [1m[35m (0.1ms)[0m  [1m[34mSELECT COUNT(*) FROM "votes" WHERE "votes"."votable_id" = ? AND "votes"."votable_type" = ? AND "votes"."vote_flag" = ? AND "votes"."vote_scope" IS NULL[0m  [["votable_id", 4], ["votable_type", "Link"], ["vote_flag", true]]
  [1m[35m (0.1ms)[0m  [1m[34mSELECT COUNT(*) FROM "votes" WHERE "votes"."votable_id" = ? AND "votes"."votable_type" = ? AND "votes"."vote_flag" = ? AND "votes"."vote_scope" IS NULL[0m  [["votable_id", 4], ["votable_type", "Link"], ["vote_flag", false]]
  Rendered links/index.html.erb within layouts/application (25.0ms)
  [1m[36mUser Load (0.1ms)[0m  [1m[34mSELECT  "users".* FROM "users" WHERE "users"."id" = ? ORDER BY "users"."id" ASC LIMIT ?[0m  [["id", 1], ["LIMIT", 1]]
Completed 200 OK in 73ms (Views: 68.1ms | ActiveRecord: 1.9ms)


Started PUT "/links/1/like" for ::1 at 2017-02-01 10:58:40 -0800
Processing by LinksController#upvote as HTML
  Parameters: {"authenticity_token"=>"GjYbglNZ2CKM3qF1AgSkUrTI25ZwE2bY3wCCP0dlkhWXSfvlob0IpS8Vixszu1Q76sTrJeDtkpxbIbSfA/f0HA==", "id"=>"1"}
  [1m[36mUser Load (0.1ms)[0m  [1m[34mSELECT  "users".* FROM "users" WHERE "users"."id" = ? ORDER BY "users"."id" ASC LIMIT ?[0m  [["id", 1], ["LIMIT", 1]]
  [1m[36mLink Load (0.1ms)[0m  [1m[34mSELECT  "links".* FROM "links" WHERE "links"."id" = ? LIMIT ?[0m  [["id", 1], ["LIMIT", 1]]
  [1m[35m (0.1ms)[0m  [1m[34mSELECT COUNT(*) FROM "votes" WHERE "votes"."votable_id" = ? AND "votes"."votable_type" = ? AND "votes"."voter_id" = ? AND "votes"."vote_scope" IS NULL AND "votes"."voter_type" = ?[0m  [["votable_id", 1], ["votable_type", "Link"], ["voter_id", 1], ["voter_type", "User"]]
  [1m[35m (0.1ms)[0m  [1m[36mbegin transaction[0m
  [1m[35mSQL (1.5ms)[0m  [1m[32mINSERT INTO "votes" ("votable_type", "votable_id", "voter_type", "voter_id", "vote_flag", "vote_weight", "created_at", "updated_at") VALUES (?, ?, ?, ?, ?, ?, ?, ?)[0m  [["votable_type", "Link"], ["votable_id", 1], ["voter_type", "User"], ["voter_id", 1], ["vote_flag", true], ["vote_weight", 1], ["created_at", 2017-02-01 18:58:40 UTC], ["updated_at", 2017-02-01 18:58:40 UTC]]
  [1m[35m (1.5ms)[0m  [1m[36mcommit transaction[0m
DEPRECATION WARNING: `redirect_to :back` is deprecated and will be removed from Rails 5.1. Please use `redirect_back(fallback_location: fallback_location)` where `fallback_location` represents the location to use if the request has no HTTP referer information. (called from upvote at /Users/achan/Documents/Projects/rails_reddit/app/controllers/links_controller.rb:68)
Redirected to http://localhost:3000/
Completed 302 Found in 18ms (ActiveRecord: 3.8ms)


Started GET "/" for ::1 at 2017-02-01 10:58:40 -0800
Processing by LinksController#index as HTML
  Rendering links/index.html.erb within layouts/application
  [1m[36mLink Load (0.3ms)[0m  [1m[34mSELECT "links".* FROM "links"[0m
  [1m[36mUser Load (0.1ms)[0m  [1m[34mSELECT  "users".* FROM "users" WHERE "users"."id" = ? LIMIT ?[0m  [["id", 1], ["LIMIT", 1]]
  [1m[35m (0.3ms)[0m  [1m[34mSELECT COUNT(*) FROM "votes" WHERE "votes"."votable_id" = ? AND "votes"."votable_type" = ? AND "votes"."vote_flag" = ? AND "votes"."vote_scope" IS NULL[0m  [["votable_id", 1], ["votable_type", "Link"], ["vote_flag", true]]
  [1m[35m (0.3ms)[0m  [1m[34mSELECT COUNT(*) FROM "votes" WHERE "votes"."votable_id" = ? AND "votes"."votable_type" = ? AND "votes"."vote_flag" = ? AND "votes"."vote_scope" IS NULL[0m  [["votable_id", 1], ["votable_type", "Link"], ["vote_flag", false]]
  [1m[36mCACHE (0.0ms)[0m  [1m[34mSELECT  "users".* FROM "users" WHERE "users"."id" = ? LIMIT ?[0m  [["id", 1], ["LIMIT", 1]]
  [1m[35m (0.2ms)[0m  [1m[34mSELECT COUNT(*) FROM "votes" WHERE "votes"."votable_id" = ? AND "votes"."votable_type" = ? AND "votes"."vote_flag" = ? AND "votes"."vote_scope" IS NULL[0m  [["votable_id", 2], ["votable_type", "Link"], ["vote_flag", true]]
  [1m[35m (0.1ms)[0m  [1m[34mSELECT COUNT(*) FROM "votes" WHERE "votes"."votable_id" = ? AND "votes"."votable_type" = ? AND "votes"."vote_flag" = ? AND "votes"."vote_scope" IS NULL[0m  [["votable_id", 2], ["votable_type", "Link"], ["vote_flag", false]]
  [1m[36mCACHE (0.0ms)[0m  [1m[34mSELECT  "users".* FROM "users" WHERE "users"."id" = ? LIMIT ?[0m  [["id", 1], ["LIMIT", 1]]
  [1m[35m (0.2ms)[0m  [1m[34mSELECT COUNT(*) FROM "votes" WHERE "votes"."votable_id" = ? AND "votes"."votable_type" = ? AND "votes"."vote_flag" = ? AND "votes"."vote_scope" IS NULL[0m  [["votable_id", 3], ["votable_type", "Link"], ["vote_flag", true]]
  [1m[35m (0.1ms)[0m  [1m[34mSELECT COUNT(*) FROM "votes" WHERE "votes"."votable_id" = ? AND "votes"."votable_type" = ? AND "votes"."vote_flag" = ? AND "votes"."vote_scope" IS NULL[0m  [["votable_id", 3], ["votable_type", "Link"], ["vote_flag", false]]
  [1m[36mCACHE (0.0ms)[0m  [1m[34mSELECT  "users".* FROM "users" WHERE "users"."id" = ? LIMIT ?[0m  [["id", 1], ["LIMIT", 1]]
  [1m[35m (0.2ms)[0m  [1m[34mSELECT COUNT(*) FROM "votes" WHERE "votes"."votable_id" = ? AND "votes"."votable_type" = ? AND "votes"."vote_flag" = ? AND "votes"."vote_scope" IS NULL[0m  [["votable_id", 4], ["votable_type", "Link"], ["vote_flag", true]]
  [1m[35m (0.1ms)[0m  [1m[34mSELECT COUNT(*) FROM "votes" WHERE "votes"."votable_id" = ? AND "votes"."votable_type" = ? AND "votes"."vote_flag" = ? AND "votes"."vote_scope" IS NULL[0m  [["votable_id", 4], ["votable_type", "Link"], ["vote_flag", false]]
  Rendered links/index.html.erb within layouts/application (25.1ms)
  [1m[36mUser Load (0.1ms)[0m  [1m[34mSELECT  "users".* FROM "users" WHERE "users"."id" = ? ORDER BY "users"."id" ASC LIMIT ?[0m  [["id", 1], ["LIMIT", 1]]
Completed 200 OK in 75ms (Views: 70.3ms | ActiveRecord: 2.1ms)


Started PUT "/links/2/like" for ::1 at 2017-02-01 10:58:42 -0800
Processing by LinksController#upvote as HTML
  Parameters: {"authenticity_token"=>"oXssJTHi2SJ5/oBXBmdSSxLJCnNELo3k4wYotp4jDuYsBMxCwwYJpdo1qjk32KIiTMU6wNTQeaBnJx4W2rFo7w==", "id"=>"2"}
  [1m[36mUser Load (0.2ms)[0m  [1m[34mSELECT  "users".* FROM "users" WHERE "users"."id" = ? ORDER BY "users"."id" ASC LIMIT ?[0m  [["id", 1], ["LIMIT", 1]]
  [1m[36mLink Load (0.1ms)[0m  [1m[34mSELECT  "links".* FROM "links" WHERE "links"."id" = ? LIMIT ?[0m  [["id", 2], ["LIMIT", 1]]
  [1m[35m (0.2ms)[0m  [1m[34mSELECT COUNT(*) FROM "votes" WHERE "votes"."votable_id" = ? AND "votes"."votable_type" = ? AND "votes"."voter_id" = ? AND "votes"."vote_scope" IS NULL AND "votes"."voter_type" = ?[0m  [["votable_id", 2], ["votable_type", "Link"], ["voter_id", 1], ["voter_type", "User"]]
  [1m[35m (0.1ms)[0m  [1m[36mbegin transaction[0m
  [1m[35mSQL (1.0ms)[0m  [1m[32mINSERT INTO "votes" ("votable_type", "votable_id", "voter_type", "voter_id", "vote_flag", "vote_weight", "created_at", "updated_at") VALUES (?, ?, ?, ?, ?, ?, ?, ?)[0m  [["votable_type", "Link"], ["votable_id", 2], ["voter_type", "User"], ["voter_id", 1], ["vote_flag", true], ["vote_weight", 1], ["created_at", 2017-02-01 18:58:42 UTC], ["updated_at", 2017-02-01 18:58:42 UTC]]
  [1m[35m (1.3ms)[0m  [1m[36mcommit transaction[0m
DEPRECATION WARNING: `redirect_to :back` is deprecated and will be removed from Rails 5.1. Please use `redirect_back(fallback_location: fallback_location)` where `fallback_location` represents the location to use if the request has no HTTP referer information. (called from upvote at /Users/achan/Documents/Projects/rails_reddit/app/controllers/links_controller.rb:68)
Redirected to http://localhost:3000/
Completed 302 Found in 11ms (ActiveRecord: 2.9ms)


Started GET "/" for ::1 at 2017-02-01 10:58:42 -0800
Processing by LinksController#index as HTML
  Rendering links/index.html.erb within layouts/application
  [1m[36mLink Load (0.2ms)[0m  [1m[34mSELECT "links".* FROM "links"[0m
  [1m[36mUser Load (0.3ms)[0m  [1m[34mSELECT  "users".* FROM "users" WHERE "users"."id" = ? LIMIT ?[0m  [["id", 1], ["LIMIT", 1]]
  [1m[35m (0.1ms)[0m  [1m[34mSELECT COUNT(*) FROM "votes" WHERE "votes"."votable_id" = ? AND "votes"."votable_type" = ? AND "votes"."vote_flag" = ? AND "votes"."vote_scope" IS NULL[0m  [["votable_id", 1], ["votable_type", "Link"], ["vote_flag", true]]
  [1m[35m (0.1ms)[0m  [1m[34mSELECT COUNT(*) FROM "votes" WHERE "votes"."votable_id" = ? AND "votes"."votable_type" = ? AND "votes"."vote_flag" = ? AND "votes"."vote_scope" IS NULL[0m  [["votable_id", 1], ["votable_type", "Link"], ["vote_flag", false]]
  [1m[36mCACHE (0.0ms)[0m  [1m[34mSELECT  "users".* FROM "users" WHERE "users"."id" = ? LIMIT ?[0m  [["id", 1], ["LIMIT", 1]]
  [1m[35m (0.2ms)[0m  [1m[34mSELECT COUNT(*) FROM "votes" WHERE "votes"."votable_id" = ? AND "votes"."votable_type" = ? AND "votes"."vote_flag" = ? AND "votes"."vote_scope" IS NULL[0m  [["votable_id", 2], ["votable_type", "Link"], ["vote_flag", true]]
  [1m[35m (0.1ms)[0m  [1m[34mSELECT COUNT(*) FROM "votes" WHERE "votes"."votable_id" = ? AND "votes"."votable_type" = ? AND "votes"."vote_flag" = ? AND "votes"."vote_scope" IS NULL[0m  [["votable_id", 2], ["votable_type", "Link"], ["vote_flag", false]]
  [1m[36mCACHE (0.0ms)[0m  [1m[34mSELECT  "users".* FROM "users" WHERE "users"."id" = ? LIMIT ?[0m  [["id", 1], ["LIMIT", 1]]
  [1m[35m (0.1ms)[0m  [1m[34mSELECT COUNT(*) FROM "votes" WHERE "votes"."votable_id" = ? AND "votes"."votable_type" = ? AND "votes"."vote_flag" = ? AND "votes"."vote_scope" IS NULL[0m  [["votable_id", 3], ["votable_type", "Link"], ["vote_flag", true]]
  [1m[35m (0.1ms)[0m  [1m[34mSELECT COUNT(*) FROM "votes" WHERE "votes"."votable_id" = ? AND "votes"."votable_type" = ? AND "votes"."vote_flag" = ? AND "votes"."vote_scope" IS NULL[0m  [["votable_id", 3], ["votable_type", "Link"], ["vote_flag", false]]
  [1m[36mCACHE (0.0ms)[0m  [1m[34mSELECT  "users".* FROM "users" WHERE "users"."id" = ? LIMIT ?[0m  [["id", 1], ["LIMIT", 1]]
  [1m[35m (0.2ms)[0m  [1m[34mSELECT COUNT(*) FROM "votes" WHERE "votes"."votable_id" = ? AND "votes"."votable_type" = ? AND "votes"."vote_flag" = ? AND "votes"."vote_scope" IS NULL[0m  [["votable_id", 4], ["votable_type", "Link"], ["vote_flag", true]]
  [1m[35m (0.1ms)[0m  [1m[34mSELECT COUNT(*) FROM "votes" WHERE "votes"."votable_id" = ? AND "votes"."votable_type" = ? AND "votes"."vote_flag" = ? AND "votes"."vote_scope" IS NULL[0m  [["votable_id", 4], ["votable_type", "Link"], ["vote_flag", false]]
  Rendered links/index.html.erb within layouts/application (20.1ms)
  [1m[36mUser Load (0.4ms)[0m  [1m[34mSELECT  "users".* FROM "users" WHERE "users"."id" = ? ORDER BY "users"."id" ASC LIMIT ?[0m  [["id", 1], ["LIMIT", 1]]
Completed 200 OK in 75ms (Views: 71.2ms | ActiveRecord: 2.1ms)


Started GET "/links/new" for ::1 at 2017-02-01 10:58:44 -0800
Processing by LinksController#new as HTML
  [1m[36mUser Load (0.3ms)[0m  [1m[34mSELECT  "users".* FROM "users" WHERE "users"."id" = ? ORDER BY "users"."id" ASC LIMIT ?[0m  [["id", 1], ["LIMIT", 1]]
  Rendering links/new.html.erb within layouts/application
  Rendered links/_form.html.erb (2.0ms)
  Rendered links/new.html.erb within layouts/application (3.9ms)
Completed 200 OK in 61ms (Views: 54.4ms | ActiveRecord: 0.3ms)


Started POST "/links" for ::1 at 2017-02-01 10:58:50 -0800
Processing by LinksController#create as HTML
  Parameters: {"utf8"=>"✓", "authenticity_token"=>"fmeAGoD3bj1X+jH+eOCXbbpnA6Osav+72lC54KjRMn9Fl0bxbsq4phAdiL1rVwuvkJlQCvRjIF2ZfOsXDQ3iLQ==", "link"=>{"title"=>"Facebook", "url"=>"http://www.facebook.com"}, "commit"=>"Submit"}
  [1m[36mUser Load (0.2ms)[0m  [1m[34mSELECT  "users".* FROM "users" WHERE "users"."id" = ? ORDER BY "users"."id" ASC LIMIT ?[0m  [["id", 1], ["LIMIT", 1]]
  [1m[35m (0.1ms)[0m  [1m[36mbegin transaction[0m
  [1m[35mSQL (0.3ms)[0m  [1m[32mINSERT INTO "links" ("title", "url", "created_at", "updated_at", "user_id") VALUES (?, ?, ?, ?, ?)[0m  [["title", "Facebook"], ["url", "http://www.facebook.com"], ["created_at", 2017-02-01 18:58:50 UTC], ["updated_at", 2017-02-01 18:58:50 UTC], ["user_id", 1]]
  [1m[35m (1.4ms)[0m  [1m[36mcommit transaction[0m
Redirected to http://localhost:3000/links/5
Completed 302 Found in 7ms (ActiveRecord: 1.9ms)


Started GET "/links/5" for ::1 at 2017-02-01 10:58:50 -0800
Processing by LinksController#show as HTML
  Parameters: {"id"=>"5"}
  [1m[36mLink Load (0.1ms)[0m  [1m[34mSELECT  "links".* FROM "links" WHERE "links"."id" = ? LIMIT ?[0m  [["id", 5], ["LIMIT", 1]]
  Rendering links/show.html.erb within layouts/application
  [1m[36mUser Load (0.1ms)[0m  [1m[34mSELECT  "users".* FROM "users" WHERE "users"."id" = ? LIMIT ?[0m  [["id", 1], ["LIMIT", 1]]
  [1m[36mUser Load (0.3ms)[0m  [1m[34mSELECT  "users".* FROM "users" WHERE "users"."id" = ? ORDER BY "users"."id" ASC LIMIT ?[0m  [["id", 1], ["LIMIT", 1]]
  [1m[35m (0.1ms)[0m  [1m[34mSELECT COUNT(*) FROM "votes" WHERE "votes"."votable_id" = ? AND "votes"."votable_type" = ? AND "votes"."vote_flag" = ? AND "votes"."vote_scope" IS NULL[0m  [["votable_id", 5], ["votable_type", "Link"], ["vote_flag", true]]
  [1m[35m (0.1ms)[0m  [1m[34mSELECT COUNT(*) FROM "votes" WHERE "votes"."votable_id" = ? AND "votes"."votable_type" = ? AND "votes"."vote_flag" = ? AND "votes"."vote_scope" IS NULL[0m  [["votable_id", 5], ["votable_type", "Link"], ["vote_flag", false]]
  [1m[35m (0.1ms)[0m  [1m[34mSELECT COUNT(*) FROM "comments" WHERE "comments"."link_id" = ?[0m  [["link_id", 5]]
  [1m[36mComment Load (0.1ms)[0m  [1m[34mSELECT "comments".* FROM "comments" WHERE "comments"."link_id" = ?[0m  [["link_id", 5]]
  Rendered collection of templates [0 times] (0.0ms)
  Rendered links/show.html.erb within layouts/application (13.7ms)
Completed 200 OK in 67ms (Views: 64.1ms | ActiveRecord: 1.0ms)


Started GET "/" for ::1 at 2017-02-01 10:58:52 -0800
Processing by LinksController#index as HTML
  Rendering links/index.html.erb within layouts/application
  [1m[36mLink Load (0.2ms)[0m  [1m[34mSELECT "links".* FROM "links"[0m
  [1m[36mUser Load (0.1ms)[0m  [1m[34mSELECT  "users".* FROM "users" WHERE "users"."id" = ? LIMIT ?[0m  [["id", 1], ["LIMIT", 1]]
  [1m[35m (0.3ms)[0m  [1m[34mSELECT COUNT(*) FROM "votes" WHERE "votes"."votable_id" = ? AND "votes"."votable_type" = ? AND "votes"."vote_flag" = ? AND "votes"."vote_scope" IS NULL[0m  [["votable_id", 1], ["votable_type", "Link"], ["vote_flag", true]]
  [1m[35m (0.2ms)[0m  [1m[34mSELECT COUNT(*) FROM "votes" WHERE "votes"."votable_id" = ? AND "votes"."votable_type" = ? AND "votes"."vote_flag" = ? AND "votes"."vote_scope" IS NULL[0m  [["votable_id", 1], ["votable_type", "Link"], ["vote_flag", false]]
  [1m[36mCACHE (0.0ms)[0m  [1m[34mSELECT  "users".* FROM "users" WHERE "users"."id" = ? LIMIT ?[0m  [["id", 1], ["LIMIT", 1]]
  [1m[35m (0.2ms)[0m  [1m[34mSELECT COUNT(*) FROM "votes" WHERE "votes"."votable_id" = ? AND "votes"."votable_type" = ? AND "votes"."vote_flag" = ? AND "votes"."vote_scope" IS NULL[0m  [["votable_id", 2], ["votable_type", "Link"], ["vote_flag", true]]
  [1m[35m (0.3ms)[0m  [1m[34mSELECT COUNT(*) FROM "votes" WHERE "votes"."votable_id" = ? AND "votes"."votable_type" = ? AND "votes"."vote_flag" = ? AND "votes"."vote_scope" IS NULL[0m  [["votable_id", 2], ["votable_type", "Link"], ["vote_flag", false]]
  [1m[36mCACHE (0.0ms)[0m  [1m[34mSELECT  "users".* FROM "users" WHERE "users"."id" = ? LIMIT ?[0m  [["id", 1], ["LIMIT", 1]]
  [1m[35m (0.2ms)[0m  [1m[34mSELECT COUNT(*) FROM "votes" WHERE "votes"."votable_id" = ? AND "votes"."votable_type" = ? AND "votes"."vote_flag" = ? AND "votes"."vote_scope" IS NULL[0m  [["votable_id", 3], ["votable_type", "Link"], ["vote_flag", true]]
  [1m[35m (0.1ms)[0m  [1m[34mSELECT COUNT(*) FROM "votes" WHERE "votes"."votable_id" = ? AND "votes"."votable_type" = ? AND "votes"."vote_flag" = ? AND "votes"."vote_scope" IS NULL[0m  [["votable_id", 3], ["votable_type", "Link"], ["vote_flag", false]]
  [1m[36mCACHE (0.0ms)[0m  [1m[34mSELECT  "users".* FROM "users" WHERE "users"."id" = ? LIMIT ?[0m  [["id", 1], ["LIMIT", 1]]
  [1m[35m (0.1ms)[0m  [1m[34mSELECT COUNT(*) FROM "votes" WHERE "votes"."votable_id" = ? AND "votes"."votable_type" = ? AND "votes"."vote_flag" = ? AND "votes"."vote_scope" IS NULL[0m  [["votable_id", 4], ["votable_type", "Link"], ["vote_flag", true]]
  [1m[35m (0.2ms)[0m  [1m[34mSELECT COUNT(*) FROM "votes" WHERE "votes"."votable_id" = ? AND "votes"."votable_type" = ? AND "votes"."vote_flag" = ? AND "votes"."vote_scope" IS NULL[0m  [["votable_id", 4], ["votable_type", "Link"], ["vote_flag", false]]
  [1m[36mCACHE (0.0ms)[0m  [1m[34mSELECT  "users".* FROM "users" WHERE "users"."id" = ? LIMIT ?[0m  [["id", 1], ["LIMIT", 1]]
  [1m[35m (0.1ms)[0m  [1m[34mSELECT COUNT(*) FROM "votes" WHERE "votes"."votable_id" = ? AND "votes"."votable_type" = ? AND "votes"."vote_flag" = ? AND "votes"."vote_scope" IS NULL[0m  [["votable_id", 5], ["votable_type", "Link"], ["vote_flag", true]]
  [1m[35m (0.1ms)[0m  [1m[34mSELECT COUNT(*) FROM "votes" WHERE "votes"."votable_id" = ? AND "votes"."votable_type" = ? AND "votes"."vote_flag" = ? AND "votes"."vote_scope" IS NULL[0m  [["votable_id", 5], ["votable_type", "Link"], ["vote_flag", false]]
  Rendered links/index.html.erb within layouts/application (34.6ms)
  [1m[36mUser Load (0.2ms)[0m  [1m[34mSELECT  "users".* FROM "users" WHERE "users"."id" = ? ORDER BY "users"."id" ASC LIMIT ?[0m  [["id", 1], ["LIMIT", 1]]
Completed 200 OK in 87ms (Views: 80.6ms | ActiveRecord: 2.4ms)


Started GET "/links/1" for ::1 at 2017-02-01 10:59:20 -0800
Processing by LinksController#show as HTML
  Parameters: {"id"=>"1"}
  [1m[36mLink Load (0.1ms)[0m  [1m[34mSELECT  "links".* FROM "links" WHERE "links"."id" = ? LIMIT ?[0m  [["id", 1], ["LIMIT", 1]]
  Rendering links/show.html.erb within layouts/application
  [1m[36mUser Load (0.2ms)[0m  [1m[34mSELECT  "users".* FROM "users" WHERE "users"."id" = ? LIMIT ?[0m  [["id", 1], ["LIMIT", 1]]
  [1m[36mUser Load (0.2ms)[0m  [1m[34mSELECT  "users".* FROM "users" WHERE "users"."id" = ? ORDER BY "users"."id" ASC LIMIT ?[0m  [["id", 1], ["LIMIT", 1]]
  [1m[35m (0.2ms)[0m  [1m[34mSELECT COUNT(*) FROM "votes" WHERE "votes"."votable_id" = ? AND "votes"."votable_type" = ? AND "votes"."vote_flag" = ? AND "votes"."vote_scope" IS NULL[0m  [["votable_id", 1], ["votable_type", "Link"], ["vote_flag", true]]
  [1m[35m (0.1ms)[0m  [1m[34mSELECT COUNT(*) FROM "votes" WHERE "votes"."votable_id" = ? AND "votes"."votable_type" = ? AND "votes"."vote_flag" = ? AND "votes"."vote_scope" IS NULL[0m  [["votable_id", 1], ["votable_type", "Link"], ["vote_flag", false]]
  [1m[35m (0.2ms)[0m  [1m[34mSELECT COUNT(*) FROM "comments" WHERE "comments"."link_id" = ?[0m  [["link_id", 1]]
  [1m[36mComment Load (0.1ms)[0m  [1m[34mSELECT "comments".* FROM "comments" WHERE "comments"."link_id" = ?[0m  [["link_id", 1]]
  Rendered collection of templates [0 times] (0.0ms)
  Rendered links/show.html.erb within layouts/application (12.9ms)
Completed 200 OK in 71ms (Views: 66.1ms | ActiveRecord: 1.1ms)


Started POST "/links/1/comments" for ::1 at 2017-02-01 10:59:22 -0800
Processing by CommentsController#create as HTML
  Parameters: {"utf8"=>"✓", "authenticity_token"=>"oO0b/YuH+MPW3b4Ov1Dmj3vkuqk+ajAI1b2RcE3HmUthaOA//IvOPs7Cov5WK20fVSuGacTGtGwjmZNGYcLHSQ==", "comment"=>{"body"=>"Google is an American multinational technology company specializing in Internet-related services and products that include online advertising technologies, search, cloud computing, software, and hardware."}, "commit"=>"Add Comment", "link_id"=>"1"}
  [1m[36mLink Load (0.1ms)[0m  [1m[34mSELECT  "links".* FROM "links" WHERE "links"."id" = ? LIMIT ?[0m  [["id", 1], ["LIMIT", 1]]
  [1m[36mUser Load (0.2ms)[0m  [1m[34mSELECT  "users".* FROM "users" WHERE "users"."id" = ? ORDER BY "users"."id" ASC LIMIT ?[0m  [["id", 1], ["LIMIT", 1]]
  [1m[35m (0.1ms)[0m  [1m[36mbegin transaction[0m
  [1m[35mSQL (1.6ms)[0m  [1m[32mINSERT INTO "comments" ("link_id", "body", "user_id", "created_at", "updated_at") VALUES (?, ?, ?, ?, ?)[0m  [["link_id", 1], ["body", "Google is an American multinational technology company specializing in Internet-related services and products that include online advertising technologies, search, cloud computing, software, and hardware."], ["user_id", 1], ["created_at", 2017-02-01 18:59:22 UTC], ["updated_at", 2017-02-01 18:59:22 UTC]]
  [1m[35m (1.6ms)[0m  [1m[36mcommit transaction[0m
Redirected to http://localhost:3000/links/1
Completed 302 Found in 12ms (ActiveRecord: 3.6ms)


Started GET "/links/1" for ::1 at 2017-02-01 10:59:22 -0800
Processing by LinksController#show as HTML
  Parameters: {"id"=>"1"}
  [1m[36mLink Load (0.2ms)[0m  [1m[34mSELECT  "links".* FROM "links" WHERE "links"."id" = ? LIMIT ?[0m  [["id", 1], ["LIMIT", 1]]
  Rendering links/show.html.erb within layouts/application
  [1m[36mUser Load (0.1ms)[0m  [1m[34mSELECT  "users".* FROM "users" WHERE "users"."id" = ? LIMIT ?[0m  [["id", 1], ["LIMIT", 1]]
  [1m[36mUser Load (0.2ms)[0m  [1m[34mSELECT  "users".* FROM "users" WHERE "users"."id" = ? ORDER BY "users"."id" ASC LIMIT ?[0m  [["id", 1], ["LIMIT", 1]]
  [1m[35m (0.1ms)[0m  [1m[34mSELECT COUNT(*) FROM "votes" WHERE "votes"."votable_id" = ? AND "votes"."votable_type" = ? AND "votes"."vote_flag" = ? AND "votes"."vote_scope" IS NULL[0m  [["votable_id", 1], ["votable_type", "Link"], ["vote_flag", true]]
  [1m[35m (0.1ms)[0m  [1m[34mSELECT COUNT(*) FROM "votes" WHERE "votes"."votable_id" = ? AND "votes"."votable_type" = ? AND "votes"."vote_flag" = ? AND "votes"."vote_scope" IS NULL[0m  [["votable_id", 1], ["votable_type", "Link"], ["vote_flag", false]]
  [1m[35m (0.1ms)[0m  [1m[34mSELECT COUNT(*) FROM "comments" WHERE "comments"."link_id" = ?[0m  [["link_id", 1]]
  [1m[36mComment Load (0.3ms)[0m  [1m[34mSELECT "comments".* FROM "comments" WHERE "comments"."link_id" = ?[0m  [["link_id", 1]]
  [1m[36mCACHE (0.0ms)[0m  [1m[34mSELECT  "users".* FROM "users" WHERE "users"."id" = ? LIMIT ?[0m  [["id", 1], ["LIMIT", 1]]
  Rendered collection of comments/_comment.html.erb [1 times] (4.6ms)
  Rendered links/show.html.erb within layouts/application (18.8ms)
Completed 200 OK in 73ms (Views: 68.5ms | ActiveRecord: 1.1ms)


Started GET "/" for ::1 at 2017-02-01 10:59:27 -0800
Processing by LinksController#index as HTML
  Rendering links/index.html.erb within layouts/application
  [1m[36mLink Load (0.3ms)[0m  [1m[34mSELECT "links".* FROM "links"[0m
  [1m[36mUser Load (0.1ms)[0m  [1m[34mSELECT  "users".* FROM "users" WHERE "users"."id" = ? LIMIT ?[0m  [["id", 1], ["LIMIT", 1]]
  [1m[35m (0.2ms)[0m  [1m[34mSELECT COUNT(*) FROM "votes" WHERE "votes"."votable_id" = ? AND "votes"."votable_type" = ? AND "votes"."vote_flag" = ? AND "votes"."vote_scope" IS NULL[0m  [["votable_id", 1], ["votable_type", "Link"], ["vote_flag", true]]
  [1m[35m (0.2ms)[0m  [1m[34mSELECT COUNT(*) FROM "votes" WHERE "votes"."votable_id" = ? AND "votes"."votable_type" = ? AND "votes"."vote_flag" = ? AND "votes"."vote_scope" IS NULL[0m  [["votable_id", 1], ["votable_type", "Link"], ["vote_flag", false]]
  [1m[36mCACHE (0.0ms)[0m  [1m[34mSELECT  "users".* FROM "users" WHERE "users"."id" = ? LIMIT ?[0m  [["id", 1], ["LIMIT", 1]]
  [1m[35m (0.1ms)[0m  [1m[34mSELECT COUNT(*) FROM "votes" WHERE "votes"."votable_id" = ? AND "votes"."votable_type" = ? AND "votes"."vote_flag" = ? AND "votes"."vote_scope" IS NULL[0m  [["votable_id", 2], ["votable_type", "Link"], ["vote_flag", true]]
  [1m[35m (0.1ms)[0m  [1m[34mSELECT COUNT(*) FROM "votes" WHERE "votes"."votable_id" = ? AND "votes"."votable_type" = ? AND "votes"."vote_flag" = ? AND "votes"."vote_scope" IS NULL[0m  [["votable_id", 2], ["votable_type", "Link"], ["vote_flag", false]]
  [1m[36mCACHE (0.0ms)[0m  [1m[34mSELECT  "users".* FROM "users" WHERE "users"."id" = ? LIMIT ?[0m  [["id", 1], ["LIMIT", 1]]
  [1m[35m (0.1ms)[0m  [1m[34mSELECT COUNT(*) FROM "votes" WHERE "votes"."votable_id" = ? AND "votes"."votable_type" = ? AND "votes"."vote_flag" = ? AND "votes"."vote_scope" IS NULL[0m  [["votable_id", 3], ["votable_type", "Link"], ["vote_flag", true]]
  [1m[35m (0.1ms)[0m  [1m[34mSELECT COUNT(*) FROM "votes" WHERE "votes"."votable_id" = ? AND "votes"."votable_type" = ? AND "votes"."vote_flag" = ? AND "votes"."vote_scope" IS NULL[0m  [["votable_id", 3], ["votable_type", "Link"], ["vote_flag", false]]
  [1m[36mCACHE (0.0ms)[0m  [1m[34mSELECT  "users".* FROM "users" WHERE "users"."id" = ? LIMIT ?[0m  [["id", 1], ["LIMIT", 1]]
  [1m[35m (0.1ms)[0m  [1m[34mSELECT COUNT(*) FROM "votes" WHERE "votes"."votable_id" = ? AND "votes"."votable_type" = ? AND "votes"."vote_flag" = ? AND "votes"."vote_scope" IS NULL[0m  [["votable_id", 4], ["votable_type", "Link"], ["vote_flag", true]]
  [1m[35m (0.1ms)[0m  [1m[34mSELECT COUNT(*) FROM "votes" WHERE "votes"."votable_id" = ? AND "votes"."votable_type" = ? AND "votes"."vote_flag" = ? AND "votes"."vote_scope" IS NULL[0m  [["votable_id", 4], ["votable_type", "Link"], ["vote_flag", false]]
  [1m[36mCACHE (0.0ms)[0m  [1m[34mSELECT  "users".* FROM "users" WHERE "users"."id" = ? LIMIT ?[0m  [["id", 1], ["LIMIT", 1]]
  [1m[35m (0.1ms)[0m  [1m[34mSELECT COUNT(*) FROM "votes" WHERE "votes"."votable_id" = ? AND "votes"."votable_type" = ? AND "votes"."vote_flag" = ? AND "votes"."vote_scope" IS NULL[0m  [["votable_id", 5], ["votable_type", "Link"], ["vote_flag", true]]
  [1m[35m (0.1ms)[0m  [1m[34mSELECT COUNT(*) FROM "votes" WHERE "votes"."votable_id" = ? AND "votes"."votable_type" = ? AND "votes"."vote_flag" = ? AND "votes"."vote_scope" IS NULL[0m  [["votable_id", 5], ["votable_type", "Link"], ["vote_flag", false]]
  Rendered links/index.html.erb within layouts/application (26.7ms)
  [1m[36mUser Load (0.1ms)[0m  [1m[34mSELECT  "users".* FROM "users" WHERE "users"."id" = ? ORDER BY "users"."id" ASC LIMIT ?[0m  [["id", 1], ["LIMIT", 1]]
Completed 200 OK in 81ms (Views: 74.8ms | ActiveRecord: 2.1ms)


